Using pre-set license
Built from '2021.3/staging' branch; Version is '2021.3.5f1 (40eb3a945986) revision 4254522'; Using compiler version '192829333'; Build Type 'Release'
OS: 'Windows 10  (10.0.19044) 64bit Professional' Language: 'ko' Physical Memory: 16248 MB
BatchMode: 1, IsHumanControllingUs: 0, StartBugReporterOnCrash: 0, Is64bit: 1, IsPro: 1

COMMAND LINE ARGUMENTS:
C:\Program Files\Unity\Hub\Editor\2021.3.5f1\Editor\Unity.exe
-adb2
-batchMode
-noUpm
-name
AssetImportWorker0
-projectPath
C:/Users/chrom/Downloads/SD-RPG-master
-logFile
Logs/AssetImportWorker0.log
-srvPort
11432
Successfully changed project path to: C:/Users/chrom/Downloads/SD-RPG-master
C:/Users/chrom/Downloads/SD-RPG-master
[UnityMemory] Configuration Parameters - Can be set up in boot.config
    "memorysetup-bucket-allocator-granularity=16"
    "memorysetup-bucket-allocator-bucket-count=8"
    "memorysetup-bucket-allocator-block-size=33554432"
    "memorysetup-bucket-allocator-block-count=8"
    "memorysetup-main-allocator-block-size=16777216"
    "memorysetup-thread-allocator-block-size=16777216"
    "memorysetup-gfx-main-allocator-block-size=16777216"
    "memorysetup-gfx-thread-allocator-block-size=16777216"
    "memorysetup-cache-allocator-block-size=4194304"
    "memorysetup-typetree-allocator-block-size=2097152"
    "memorysetup-profiler-bucket-allocator-granularity=16"
    "memorysetup-profiler-bucket-allocator-bucket-count=8"
    "memorysetup-profiler-bucket-allocator-block-size=33554432"
    "memorysetup-profiler-bucket-allocator-block-count=8"
    "memorysetup-profiler-allocator-block-size=16777216"
    "memorysetup-profiler-editor-allocator-block-size=1048576"
    "memorysetup-temp-allocator-size-main=16777216"
    "memorysetup-job-temp-allocator-block-size=2097152"
    "memorysetup-job-temp-allocator-block-size-background=1048576"
    "memorysetup-job-temp-allocator-reduction-small-platforms=262144"
    "memorysetup-temp-allocator-size-background-worker=32768"
    "memorysetup-temp-allocator-size-job-worker=262144"
    "memorysetup-temp-allocator-size-preload-manager=33554432"
    "memorysetup-temp-allocator-size-nav-mesh-worker=65536"
    "memorysetup-temp-allocator-size-audio-worker=65536"
    "memorysetup-temp-allocator-size-cloud-worker=32768"
    "memorysetup-temp-allocator-size-gi-baking-worker=262144"
    "memorysetup-temp-allocator-size-gfx=262144"
Refreshing native plugins compatible for Editor in 80.19 ms, found 2 plugins.
Preloading 0 native plugins for Editor in 0.00 ms.
Initialize engine version: 2021.3.5f1 (40eb3a945986)
[Subsystems] Discovering subsystems at path C:/Program Files/Unity/Hub/Editor/2021.3.5f1/Editor/Data/Resources/UnitySubsystems
[Subsystems] Discovering subsystems at path C:/Users/chrom/Downloads/SD-RPG-master/Assets
GfxDevice: creating device client; threaded=0; jobified=0
Direct3D:
    Version:  Direct3D 11.0 [level 11.1]
    Renderer: NVIDIA GeForce GTX 1050 Ti (ID=0x1c82)
    Vendor:   NVIDIA
    VRAM:     4018 MB
    Driver:   31.0.15.2230
Initialize mono
Mono path[0] = 'C:/Program Files/Unity/Hub/Editor/2021.3.5f1/Editor/Data/Managed'
Mono path[1] = 'C:/Program Files/Unity/Hub/Editor/2021.3.5f1/Editor/Data/MonoBleedingEdge/lib/mono/unityjit-win32'
Mono config path = 'C:/Program Files/Unity/Hub/Editor/2021.3.5f1/Editor/Data/MonoBleedingEdge/etc'
Using monoOptions --debugger-agent=transport=dt_socket,embedding=1,server=y,suspend=n,address=127.0.0.1:56476
Begin MonoManager ReloadAssembly
Registering precompiled unity dll's ...
Register platform support module: C:/Program Files/Unity/Hub/Editor/2021.3.5f1/Editor/Data/PlaybackEngines/AndroidPlayer/UnityEditor.Android.Extensions.dll
Register platform support module: C:/Program Files/Unity/Hub/Editor/2021.3.5f1/Editor/Data/PlaybackEngines/WindowsStandaloneSupport/UnityEditor.WindowsStandalone.Extensions.dll
Registered in 0.063529 seconds.
Native extension for WindowsStandalone target not found
Native extension for Android target not found
Refreshing native plugins compatible for Editor in 79.24 ms, found 2 plugins.
Preloading 0 native plugins for Editor in 0.00 ms.
Mono: successfully reloaded assembly
- Completed reload, in  2.158 seconds
Domain Reload Profiling:
	ReloadAssembly (2160ms)
		BeginReloadAssembly (301ms)
			ExecutionOrderSort (0ms)
			DisableScriptedObjects (0ms)
			BackupInstance (0ms)
			ReleaseScriptingObjects (0ms)
			CreateAndSetChildDomain (1ms)
		EndReloadAssembly (1419ms)
			LoadAssemblies (294ms)
			RebuildTransferFunctionScriptingTraits (0ms)
			SetupTypeCache (297ms)
			ReleaseScriptCaches (0ms)
			RebuildScriptCaches (70ms)
			SetupLoadedEditorAssemblies (833ms)
				LogAssemblyErrors (0ms)
				InitializePlatformSupportModulesInManaged (140ms)
				SetLoadedEditorAssemblies (0ms)
				RefreshPlugins (80ms)
				BeforeProcessingInitializeOnLoad (2ms)
				ProcessInitializeOnLoadAttributes (331ms)
				ProcessInitializeOnLoadMethodAttributes (280ms)
				AfterProcessingInitializeOnLoad (0ms)
				EditorAssembliesLoaded (0ms)
			ExecutionOrderSort2 (0ms)
			AwakeInstancesAfterBackupRestoration (0ms)
Platform modules already initialized, skipping
Registering precompiled user dll's ...
Registered in 0.023243 seconds.
Begin MonoManager ReloadAssembly
Native extension for WindowsStandalone target not found
Native extension for Android target not found
Refreshing native plugins compatible for Editor in 0.67 ms, found 2 plugins.
Preloading 0 native plugins for Editor in 0.00 ms.
Mono: successfully reloaded assembly
- Completed reload, in  3.105 seconds
Domain Reload Profiling:
	ReloadAssembly (3109ms)
		BeginReloadAssembly (502ms)
			ExecutionOrderSort (0ms)
			DisableScriptedObjects (14ms)
			BackupInstance (0ms)
			ReleaseScriptingObjects (0ms)
			CreateAndSetChildDomain (167ms)
		EndReloadAssembly (2269ms)
			LoadAssemblies (312ms)
			RebuildTransferFunctionScriptingTraits (0ms)
			SetupTypeCache (715ms)
			ReleaseScriptCaches (1ms)
			RebuildScriptCaches (167ms)
			SetupLoadedEditorAssemblies (1006ms)
				LogAssemblyErrors (0ms)
				InitializePlatformSupportModulesInManaged (46ms)
				SetLoadedEditorAssemblies (1ms)
				RefreshPlugins (1ms)
				BeforeProcessingInitializeOnLoad (202ms)
				ProcessInitializeOnLoadAttributes (627ms)
				ProcessInitializeOnLoadMethodAttributes (82ms)
				AfterProcessingInitializeOnLoad (44ms)
				EditorAssembliesLoaded (0ms)
			ExecutionOrderSort2 (0ms)
			AwakeInstancesAfterBackupRestoration (61ms)
Platform modules already initialized, skipping
========================================================================
Worker process is ready to serve import requests
Launched and connected shader compiler UnityShaderCompiler.exe after 0.15 seconds
Refreshing native plugins compatible for Editor in 0.65 ms, found 2 plugins.
Preloading 0 native plugins for Editor in 0.00 ms.
Unloading 1880 Unused Serialized files (Serialized files now loaded: 0)
Unloading 33 unused Assets / (130.2 KB). Loaded Objects now: 2354.
Memory consumption went from 80.3 MB to 80.2 MB.
Total: 4.739000 ms (FindLiveObjects: 0.274200 ms CreateObjectMapping: 0.234400 ms MarkObjects: 4.108400 ms  DeleteObjects: 0.120600 ms)

AssetImportParameters requested are different than current active one (requested -> active):
  custom:video-decoder-ogg-theora: a1e56fd34408186e4bbccfd4996cb3dc -> 
  custom:container-muxer-webm: aa71ff27fc2769a1b78a27578f13a17b -> 
  custom:container-demuxer-webm: 4f35f7cbe854078d1ac9338744f61a02 -> 
  custom:video-encoder-webm-vp8: eb34c28f22e8b96e1ab97ce403110664 -> 
  custom:audio-encoder-webm-vorbis: bf7c407c2cedff20999df2af8eb42d56 -> 
  custom:framework-win-MediaFoundation: 216162199b28c13a410421893ffa2e32 -> 
  custom:container-demuxer-ogg: 62fdf1f143b41e24485cea50d1cbac27 -> 
  custom:video-decoder-webm-vp8: 9c59270c3fd7afecdb556c50c9e8de78 -> 
  custom:audio-decoder-ogg-vorbis: bf7c407c2cedff20999df2af8eb42d56 -> 
========================================================================
Received Import Request.
  Time since last request: 7243.600008 seconds.
  path: Assets/Prefabs/Platform/Nature/Terrain/rpgpp_lt_terrain_path_01a.prefab
  artifactKey: Guid(a25996a7d0674de40a8273b54b50aa7b) Importer(815301076,1909f56bfc062723c751e8b465ee728b)
Start importing Assets/Prefabs/Platform/Nature/Terrain/rpgpp_lt_terrain_path_01a.prefab using Guid(a25996a7d0674de40a8273b54b50aa7b) Importer(815301076,1909f56bfc062723c751e8b465ee728b)  -> (artifact id: '7e635e2d4abf843ce39c82bedf8da833') in 0.395070 seconds 
========================================================================
Received Import Request.
  Time since last request: 0.000031 seconds.
  path: Assets/Prefabs/Platform/Dungeon/Props/Props_WoodenChair_A.prefab
  artifactKey: Guid(d135cb7117e54144cada4a5862c08560) Importer(815301076,1909f56bfc062723c751e8b465ee728b)
Start importing Assets/Prefabs/Platform/Dungeon/Props/Props_WoodenChair_A.prefab using Guid(d135cb7117e54144cada4a5862c08560) Importer(815301076,1909f56bfc062723c751e8b465ee728b)  -> (artifact id: 'ba4c1b696ef17d3b09ef7803b58721ab') in 0.092796 seconds 
========================================================================
Received Import Request.
  Time since last request: 0.000040 seconds.
  path: Assets/Prefabs/Platform/Props/Furniture/Benches/rpgpp_lt_bench_wood_01.prefab
  artifactKey: Guid(94003cdd02bfa0849b07108d63f10e24) Importer(815301076,1909f56bfc062723c751e8b465ee728b)
Start importing Assets/Prefabs/Platform/Props/Furniture/Benches/rpgpp_lt_bench_wood_01.prefab using Guid(94003cdd02bfa0849b07108d63f10e24) Importer(815301076,1909f56bfc062723c751e8b465ee728b)  -> (artifact id: 'e85977df21466e8ae4c7696841b96196') in 0.031066 seconds 
========================================================================
Received Import Request.
  Time since last request: 0.000022 seconds.
  path: Assets/Prefabs/Platform/Nature/Rocks/rpgpp_lt_rocks_tiny_01.prefab
  artifactKey: Guid(e1154cf6ac27b2f45b4ae35582e7e363) Importer(815301076,1909f56bfc062723c751e8b465ee728b)
Start importing Assets/Prefabs/Platform/Nature/Rocks/rpgpp_lt_rocks_tiny_01.prefab using Guid(e1154cf6ac27b2f45b4ae35582e7e363) Importer(815301076,1909f56bfc062723c751e8b465ee728b)  -> (artifact id: '4211a503914cc39b845977b6f50f77dc') in 0.031206 seconds 
========================================================================
Received Import Request.
  Time since last request: 0.000029 seconds.
  path: Assets/Prefabs/Platform/Nature/Vegetation/Bushes/rpgpp_lt_bush_02.prefab
  artifactKey: Guid(efd8147160aa6c64c8121a2ed788744e) Importer(815301076,1909f56bfc062723c751e8b465ee728b)
Start importing Assets/Prefabs/Platform/Nature/Vegetation/Bushes/rpgpp_lt_bush_02.prefab using Guid(efd8147160aa6c64c8121a2ed788744e) Importer(815301076,1909f56bfc062723c751e8b465ee728b)  -> (artifact id: 'cc11377cdc65baba75ecec482282acc2') in 0.038526 seconds 
========================================================================
Received Import Request.
  Time since last request: 0.000035 seconds.
  path: Assets/Prefabs/Platform/Dungeon/Props/Props_WoodenPlank_Big.prefab
  artifactKey: Guid(a4b27d1f6343596459f4f29663d21eda) Importer(815301076,1909f56bfc062723c751e8b465ee728b)
Start importing Assets/Prefabs/Platform/Dungeon/Props/Props_WoodenPlank_Big.prefab using Guid(a4b27d1f6343596459f4f29663d21eda) Importer(815301076,1909f56bfc062723c751e8b465ee728b)  -> (artifact id: '5cc2a513d889a0b018e01582d74fcc63') in 0.033271 seconds 
========================================================================
Received Import Request.
  Time since last request: 0.000030 seconds.
  path: Assets/Prefabs/Platform/Nature/Vegetation/Flowers/rpgpp_lt_flower_03.prefab
  artifactKey: Guid(f71e980e020ab924ebed9a227a648ec8) Importer(815301076,1909f56bfc062723c751e8b465ee728b)
Start importing Assets/Prefabs/Platform/Nature/Vegetation/Flowers/rpgpp_lt_flower_03.prefab using Guid(f71e980e020ab924ebed9a227a648ec8) Importer(815301076,1909f56bfc062723c751e8b465ee728b)  -> (artifact id: '616e30ad0f7d1d3be2ac3591a197c958') in 0.040574 seconds 
========================================================================
Received Import Request.
  Time since last request: 0.000168 seconds.
  path: Assets/Prefabs/Platform/Nature/Vegetation/Flowers/rpgpp_lt_flower_02.prefab
  artifactKey: Guid(186ecc7a1f977cc4fab5658c00fa3c4d) Importer(815301076,1909f56bfc062723c751e8b465ee728b)
Start importing Assets/Prefabs/Platform/Nature/Vegetation/Flowers/rpgpp_lt_flower_02.prefab using Guid(186ecc7a1f977cc4fab5658c00fa3c4d) Importer(815301076,1909f56bfc062723c751e8b465ee728b)  -> (artifact id: '18ef2bcc157540246a82fd7affb31888') in 0.040909 seconds 
========================================================================
Received Import Request.
  Time since last request: 0.000037 seconds.
  path: Assets/Prefabs/Platform/Nature/Vegetation/Grass/rpgpp_lt_grass_small_01a.prefab
  artifactKey: Guid(00e2e59cbc04eab4a982218df54ce70b) Importer(815301076,1909f56bfc062723c751e8b465ee728b)
Start importing Assets/Prefabs/Platform/Nature/Vegetation/Grass/rpgpp_lt_grass_small_01a.prefab using Guid(00e2e59cbc04eab4a982218df54ce70b) Importer(815301076,1909f56bfc062723c751e8b465ee728b)  -> (artifact id: 'd553e80e205393f8b495a659cb7ae114') in 0.064496 seconds 
========================================================================
Received Import Request.
  Time since last request: 0.000036 seconds.
  path: Assets/Prefabs/Platform/Props/Misc/rpgpp_lt_wagon_01.prefab
  artifactKey: Guid(87d1d734739f10440b2bdbb449c09a9e) Importer(815301076,1909f56bfc062723c751e8b465ee728b)
Start importing Assets/Prefabs/Platform/Props/Misc/rpgpp_lt_wagon_01.prefab using Guid(87d1d734739f10440b2bdbb449c09a9e) Importer(815301076,1909f56bfc062723c751e8b465ee728b)  -> (artifact id: '472cef5108f9a6247905dadbed8bc0a0') in 0.048028 seconds 
========================================================================
Received Import Request.
  Time since last request: 0.000087 seconds.
  path: Assets/Prefabs/Platform/Props/Containers/rpgpp_lt_barrel_01.prefab
  artifactKey: Guid(08b7d3dcb8d6b9247b1800cd79905e16) Importer(815301076,1909f56bfc062723c751e8b465ee728b)
Start importing Assets/Prefabs/Platform/Props/Containers/rpgpp_lt_barrel_01.prefab using Guid(08b7d3dcb8d6b9247b1800cd79905e16) Importer(815301076,1909f56bfc062723c751e8b465ee728b)  -> (artifact id: 'ecb33ea3a0948ee22dc9528b51c8fcac') in 0.036105 seconds 
========================================================================
Received Import Request.
  Time since last request: 0.000197 seconds.
  path: Assets/Prefabs/Platform/Nature/Rocks/rpgpp_lt_rock_small_01.prefab
  artifactKey: Guid(dc9954dcaaaee02409e17bacb3dcc453) Importer(815301076,1909f56bfc062723c751e8b465ee728b)
Start importing Assets/Prefabs/Platform/Nature/Rocks/rpgpp_lt_rock_small_01.prefab using Guid(dc9954dcaaaee02409e17bacb3dcc453) Importer(815301076,1909f56bfc062723c751e8b465ee728b)  -> (artifact id: '7943c825f09eee0c9f2feb0e44856d5d') in 0.135441 seconds 
========================================================================
Received Import Request.
  Time since last request: 0.000027 seconds.
  path: Assets/Prefabs/Platform/Props/Containers/rpgpp_lt_bowl_metal_01.prefab
  artifactKey: Guid(c20b40242fb425a48840e03f7f3a50f4) Importer(815301076,1909f56bfc062723c751e8b465ee728b)
Start importing Assets/Prefabs/Platform/Props/Containers/rpgpp_lt_bowl_metal_01.prefab using Guid(c20b40242fb425a48840e03f7f3a50f4) Importer(815301076,1909f56bfc062723c751e8b465ee728b)  -> (artifact id: '91b4e7bfb67a44890f2ac4078f5fe96d') in 0.166378 seconds 
========================================================================
Received Import Request.
  Time since last request: 0.000039 seconds.
  path: Assets/Prefabs/Platform/Structures/Buildings/Bld_closed/rpgpp_lt_building_02.prefab
  artifactKey: Guid(2767c12992d890f44b14f433fe854668) Importer(815301076,1909f56bfc062723c751e8b465ee728b)
Start importing Assets/Prefabs/Platform/Structures/Buildings/Bld_closed/rpgpp_lt_building_02.prefab using Guid(2767c12992d890f44b14f433fe854668) Importer(815301076,1909f56bfc062723c751e8b465ee728b)  -> (artifact id: 'e975042337c9895ce706de74d3052b19') in 0.049625 seconds 
========================================================================
Received Import Request.
  Time since last request: 0.000022 seconds.
  path: Assets/Prefabs/Platform/Props/Containers/rpgpp_lt_trough_01.prefab
  artifactKey: Guid(7f3b1263233678a4a92861d908051fe3) Importer(815301076,1909f56bfc062723c751e8b465ee728b)
Start importing Assets/Prefabs/Platform/Props/Containers/rpgpp_lt_trough_01.prefab using Guid(7f3b1263233678a4a92861d908051fe3) Importer(815301076,1909f56bfc062723c751e8b465ee728b)  -> (artifact id: 'e4ba8070852f878a00c5daad52db899d') in 0.035718 seconds 
========================================================================
Received Import Request.
  Time since last request: 0.000029 seconds.
  path: Assets/Prefabs/Platform/Props/Wall_decor/Banners/rpgpp_lt_banner_01a.prefab
  artifactKey: Guid(e1032c9b5d7d362489670d42997dceb5) Importer(815301076,1909f56bfc062723c751e8b465ee728b)
Start importing Assets/Prefabs/Platform/Props/Wall_decor/Banners/rpgpp_lt_banner_01a.prefab using Guid(e1032c9b5d7d362489670d42997dceb5) Importer(815301076,1909f56bfc062723c751e8b465ee728b)  -> (artifact id: '2e52d267f8a906ac02e2021a67a11d2d') in 0.046985 seconds 
========================================================================
Received Import Request.
  Time since last request: 0.000030 seconds.
  path: Assets/Prefabs/Platform/Dungeon/Props/Props_WoodenPlank_Small.prefab
  artifactKey: Guid(f465e0952c7b2a541bf573d5f7b1a0e8) Importer(815301076,1909f56bfc062723c751e8b465ee728b)
Start importing Assets/Prefabs/Platform/Dungeon/Props/Props_WoodenPlank_Small.prefab using Guid(f465e0952c7b2a541bf573d5f7b1a0e8) Importer(815301076,1909f56bfc062723c751e8b465ee728b)  -> (artifact id: '34f8016dc861eeaa8a13add4362c8941') in 0.046982 seconds 
========================================================================
Received Import Request.
  Time since last request: 0.000176 seconds.
  path: Assets/Prefabs/Platform/Props/Wall_decor/Shields/rpgpp_lt_shield_wall_01a.prefab
  artifactKey: Guid(37435aefe5da6f74f8b28c81bb4ffad4) Importer(815301076,1909f56bfc062723c751e8b465ee728b)
Start importing Assets/Prefabs/Platform/Props/Wall_decor/Shields/rpgpp_lt_shield_wall_01a.prefab using Guid(37435aefe5da6f74f8b28c81bb4ffad4) Importer(815301076,1909f56bfc062723c751e8b465ee728b)  -> (artifact id: '7b493e765bbfb449d7df3e192b7d7f0d') in 0.043968 seconds 
========================================================================
Received Import Request.
  Time since last request: 0.000035 seconds.
  path: Assets/Prefabs/Platform/Props/Containers/rpgpp_lt_bucket_01.prefab
  artifactKey: Guid(05723fa5edef5fa4ab72eb90ae0bf7b0) Importer(815301076,1909f56bfc062723c751e8b465ee728b)
Start importing Assets/Prefabs/Platform/Props/Containers/rpgpp_lt_bucket_01.prefab using Guid(05723fa5edef5fa4ab72eb90ae0bf7b0) Importer(815301076,1909f56bfc062723c751e8b465ee728b)  -> (artifact id: '92fd6aa272056dff038930ce29bfb97f') in 0.042918 seconds 
========================================================================
Received Import Request.
  Time since last request: 0.000028 seconds.
  path: Assets/Prefabs/Platform/Dungeon/Floor/Stairs_Continuous_Wooden.prefab
  artifactKey: Guid(1198403b1e3158c4cb509a07aa34d59d) Importer(815301076,1909f56bfc062723c751e8b465ee728b)
Start importing Assets/Prefabs/Platform/Dungeon/Floor/Stairs_Continuous_Wooden.prefab using Guid(1198403b1e3158c4cb509a07aa34d59d) Importer(815301076,1909f56bfc062723c751e8b465ee728b)  -> (artifact id: 'f44204ec91b58fb257cb4fa6fe9a7ce2') in 0.043139 seconds 
========================================================================
Received Import Request.
  Time since last request: 0.000029 seconds.
  path: Assets/Prefabs/Platform/Props/Wall_decor/Banners/rpgpp_lt_banner_01b.prefab
  artifactKey: Guid(002f7a569314a244fb643e8ea8d00376) Importer(815301076,1909f56bfc062723c751e8b465ee728b)
Start importing Assets/Prefabs/Platform/Props/Wall_decor/Banners/rpgpp_lt_banner_01b.prefab using Guid(002f7a569314a244fb643e8ea8d00376) Importer(815301076,1909f56bfc062723c751e8b465ee728b)  -> (artifact id: 'a524273122d710008bb479043f4cf946') in 0.062530 seconds 
========================================================================
Received Import Request.
  Time since last request: 0.000037 seconds.
  path: Assets/Prefabs/Platform/Props/Items/rpgpp_lt_broom_01.prefab
  artifactKey: Guid(a463cb358b3f799499b5078f511ef61e) Importer(815301076,1909f56bfc062723c751e8b465ee728b)
Start importing Assets/Prefabs/Platform/Props/Items/rpgpp_lt_broom_01.prefab using Guid(a463cb358b3f799499b5078f511ef61e) Importer(815301076,1909f56bfc062723c751e8b465ee728b)  -> (artifact id: 'b95acccddae7d331d2859cff1edd8cd4') in 0.045838 seconds 
========================================================================
Received Import Request.
  Time since last request: 0.000035 seconds.
  path: Assets/Prefabs/Platform/Structures/Buildings/Bld_closed/rpgpp_lt_building_01.prefab
  artifactKey: Guid(cd87e5026d1695148aabe96121c526ef) Importer(815301076,1909f56bfc062723c751e8b465ee728b)
Start importing Assets/Prefabs/Platform/Structures/Buildings/Bld_closed/rpgpp_lt_building_01.prefab using Guid(cd87e5026d1695148aabe96121c526ef) Importer(815301076,1909f56bfc062723c751e8b465ee728b)  -> (artifact id: '24bc1ef9a941910f13704eaf108d195c') in 0.045777 seconds 
========================================================================
Received Import Request.
  Time since last request: 0.000054 seconds.
  path: Assets/Prefabs/Platform/Props/Containers/rpgpp_lt_jug_01.prefab
  artifactKey: Guid(957bb31991bce1640a18d0a109c71f3d) Importer(815301076,1909f56bfc062723c751e8b465ee728b)
Start importing Assets/Prefabs/Platform/Props/Containers/rpgpp_lt_jug_01.prefab using Guid(957bb31991bce1640a18d0a109c71f3d) Importer(815301076,1909f56bfc062723c751e8b465ee728b)  -> (artifact id: '0901e0b5941a9d915fadacd899fef30d') in 0.041345 seconds 
========================================================================
Received Import Request.
  Time since last request: 0.000026 seconds.
  path: Assets/Prefabs/Platform/Props/Items/rpgpp_lt_rake_01.prefab
  artifactKey: Guid(b44415eef131de742a4190453fc4d68e) Importer(815301076,1909f56bfc062723c751e8b465ee728b)
Start importing Assets/Prefabs/Platform/Props/Items/rpgpp_lt_rake_01.prefab using Guid(b44415eef131de742a4190453fc4d68e) Importer(815301076,1909f56bfc062723c751e8b465ee728b)  -> (artifact id: '83ae0cd8dc998d4b18aee1e204f648eb') in 0.039576 seconds 
========================================================================
Received Import Request.
  Time since last request: 0.000026 seconds.
  path: Assets/Prefabs/Platform/Structures/Parts/Wood_path/rpgpp_lt_wood_path_01b.prefab
  artifactKey: Guid(0ba258545da721e488ecb71ffd143b6f) Importer(815301076,1909f56bfc062723c751e8b465ee728b)
Start importing Assets/Prefabs/Platform/Structures/Parts/Wood_path/rpgpp_lt_wood_path_01b.prefab using Guid(0ba258545da721e488ecb71ffd143b6f) Importer(815301076,1909f56bfc062723c751e8b465ee728b)  -> (artifact id: '6f5f27bfd68eca6bbb74ef9d955d1e3f') in 0.037298 seconds 
========================================================================
Received Import Request.
  Time since last request: 0.000041 seconds.
  path: Assets/Prefabs/Platform/Structures/Buildings/Bld_closed/rpgpp_lt_building_03.prefab
  artifactKey: Guid(2b519101e10d4a74580d4c86ac9e03e6) Importer(815301076,1909f56bfc062723c751e8b465ee728b)
Start importing Assets/Prefabs/Platform/Structures/Buildings/Bld_closed/rpgpp_lt_building_03.prefab using Guid(2b519101e10d4a74580d4c86ac9e03e6) Importer(815301076,1909f56bfc062723c751e8b465ee728b)  -> (artifact id: '618d17e8eab593cd9fcd504a88d754fd') in 0.057151 seconds 
========================================================================
Received Import Request.
  Time since last request: 0.000032 seconds.
  path: Assets/Prefabs/Platform/Props/Containers/rpgpp_lt_sack_open_01.prefab
  artifactKey: Guid(5fb4dbc1b7c07b9418845eb61970d9df) Importer(815301076,1909f56bfc062723c751e8b465ee728b)
Start importing Assets/Prefabs/Platform/Props/Containers/rpgpp_lt_sack_open_01.prefab using Guid(5fb4dbc1b7c07b9418845eb61970d9df) Importer(815301076,1909f56bfc062723c751e8b465ee728b)  -> (artifact id: 'f21fe82acd173ed63baa5cbbe2f7b93d') in 0.051632 seconds 
========================================================================
Received Import Request.
  Time since last request: 0.000141 seconds.
  path: Assets/Prefabs/Platform/Props/Items/rpgpp_lt_ladder_01.prefab
  artifactKey: Guid(7087784e228be8745af45599a5130532) Importer(815301076,1909f56bfc062723c751e8b465ee728b)
Start importing Assets/Prefabs/Platform/Props/Items/rpgpp_lt_ladder_01.prefab using Guid(7087784e228be8745af45599a5130532) Importer(815301076,1909f56bfc062723c751e8b465ee728b)  -> (artifact id: '3d0cc5f4686872a0578390ead55b9951') in 0.186081 seconds 
========================================================================
Received Import Request.
  Time since last request: 0.000022 seconds.
  path: Assets/Prefabs/Platform/Props/Wood/rpgpp_lt_log_wood_01.prefab
  artifactKey: Guid(bbb972e8372282f4093c9484693385fd) Importer(815301076,1909f56bfc062723c751e8b465ee728b)
Start importing Assets/Prefabs/Platform/Props/Wood/rpgpp_lt_log_wood_01.prefab using Guid(bbb972e8372282f4093c9484693385fd) Importer(815301076,1909f56bfc062723c751e8b465ee728b)  -> (artifact id: '003799f0a4e297ae2bc9575b5d87b8c3') in 0.042424 seconds 
========================================================================
Received Import Request.
  Time since last request: 0.000036 seconds.
  path: Assets/Prefabs/Platform/Dungeon/Props/Props_Vase_Red.prefab
  artifactKey: Guid(a2655653c0c92564189c81dcaddbab0e) Importer(815301076,1909f56bfc062723c751e8b465ee728b)
Start importing Assets/Prefabs/Platform/Dungeon/Props/Props_Vase_Red.prefab using Guid(a2655653c0c92564189c81dcaddbab0e) Importer(815301076,1909f56bfc062723c751e8b465ee728b)  -> (artifact id: '5ef841e7c7e18480e1a1001ddfadd1f1') in 0.037968 seconds 
========================================================================
Received Import Request.
  Time since last request: 0.000193 seconds.
  path: Assets/Prefabs/Platform/Nature/Vegetation/Bushes/rpgpp_lt_bush_01.prefab
  artifactKey: Guid(bd1a894f239d58d4dbf63f27e28096bd) Importer(815301076,1909f56bfc062723c751e8b465ee728b)
Start importing Assets/Prefabs/Platform/Nature/Vegetation/Bushes/rpgpp_lt_bush_01.prefab using Guid(bd1a894f239d58d4dbf63f27e28096bd) Importer(815301076,1909f56bfc062723c751e8b465ee728b)  -> (artifact id: '5a8898192faf2fe147f8792f4cbd5c05') in 0.044700 seconds 
========================================================================
Received Import Request.
  Time since last request: 0.000029 seconds.
  path: Assets/Prefabs/Platform/Dungeon/Props/Props_WoodenTable_A.prefab
  artifactKey: Guid(6213a4f72e6abac41bfae43ebbd3e07b) Importer(815301076,1909f56bfc062723c751e8b465ee728b)
Start importing Assets/Prefabs/Platform/Dungeon/Props/Props_WoodenTable_A.prefab using Guid(6213a4f72e6abac41bfae43ebbd3e07b) Importer(815301076,1909f56bfc062723c751e8b465ee728b)  -> (artifact id: '7da7971c4aa9147993134a08029bf5c8') in 0.042897 seconds 
========================================================================
Received Import Request.
  Time since last request: 0.000025 seconds.
  path: Assets/Prefabs/Platform/Props/Furniture/Hangers/rpgpp_lt_hanger_wood_01.prefab
  artifactKey: Guid(813f38ebf5eabe1429b83876fbaa47db) Importer(815301076,1909f56bfc062723c751e8b465ee728b)
Start importing Assets/Prefabs/Platform/Props/Furniture/Hangers/rpgpp_lt_hanger_wood_01.prefab using Guid(813f38ebf5eabe1429b83876fbaa47db) Importer(815301076,1909f56bfc062723c751e8b465ee728b)  -> (artifact id: '40928b82cf4068571b70088182f1e007') in 0.051157 seconds 
========================================================================
Received Import Request.
  Time since last request: 0.000027 seconds.
  path: Assets/Prefabs/Platform/Nature/Terrain/rpgpp_lt_terrain_grass_02.prefab
  artifactKey: Guid(68cbfa1438162b243ac02fb9e3e30581) Importer(815301076,1909f56bfc062723c751e8b465ee728b)
Start importing Assets/Prefabs/Platform/Nature/Terrain/rpgpp_lt_terrain_grass_02.prefab using Guid(68cbfa1438162b243ac02fb9e3e30581) Importer(815301076,1909f56bfc062723c751e8b465ee728b)  -> (artifact id: '5d543ce5f4bc080918062846a3385890') in 0.044559 seconds 
========================================================================
Received Import Request.
  Time since last request: 0.000029 seconds.
  path: Assets/Prefabs/Platform/Structures/Parts/Wood_path/rpgpp_lt_wood_path_01a.prefab
  artifactKey: Guid(c96016c34e7be62488e588470988ef5b) Importer(815301076,1909f56bfc062723c751e8b465ee728b)
Start importing Assets/Prefabs/Platform/Structures/Parts/Wood_path/rpgpp_lt_wood_path_01a.prefab using Guid(c96016c34e7be62488e588470988ef5b) Importer(815301076,1909f56bfc062723c751e8b465ee728b)  -> (artifact id: '30d146751766c245d7b05bb95d4c4f71') in 0.062825 seconds 
========================================================================
Received Import Request.
  Time since last request: 0.000141 seconds.
  path: Assets/Prefabs/Platform/Props/Containers/rpgpp_lt_sack_01.prefab
  artifactKey: Guid(f274f0fb5e5bc294ca9a0ff4cf1f0ff7) Importer(815301076,1909f56bfc062723c751e8b465ee728b)
Start importing Assets/Prefabs/Platform/Props/Containers/rpgpp_lt_sack_01.prefab using Guid(f274f0fb5e5bc294ca9a0ff4cf1f0ff7) Importer(815301076,1909f56bfc062723c751e8b465ee728b)  -> (artifact id: 'f38033ec688c386464f5b1a83f92de1d') in 0.068987 seconds 
========================================================================
Received Import Request.
  Time since last request: 0.000031 seconds.
  path: Assets/Prefabs/Platform/Props/Furniture/Tables/rpgpp_lt_table_01.prefab
  artifactKey: Guid(4c1686a5131ac8b45bfe913f509289c0) Importer(815301076,1909f56bfc062723c751e8b465ee728b)
Start importing Assets/Prefabs/Platform/Props/Furniture/Tables/rpgpp_lt_table_01.prefab using Guid(4c1686a5131ac8b45bfe913f509289c0) Importer(815301076,1909f56bfc062723c751e8b465ee728b)  -> (artifact id: '808b6419495dba6a4737b28e4cf3168c') in 0.043369 seconds 
========================================================================
Received Import Request.
  Time since last request: 0.000026 seconds.
  path: Assets/Prefabs/Platform/Dungeon/Props/Props_Wall_Frame.prefab
  artifactKey: Guid(61d83192deb1b4d43b7f57a9bad73512) Importer(815301076,1909f56bfc062723c751e8b465ee728b)
Start importing Assets/Prefabs/Platform/Dungeon/Props/Props_Wall_Frame.prefab using Guid(61d83192deb1b4d43b7f57a9bad73512) Importer(815301076,1909f56bfc062723c751e8b465ee728b)  -> (artifact id: '1d82257f880fcd58ede600f2396d81d4') in 0.053842 seconds 
========================================================================
Received Import Request.
  Time since last request: 0.000028 seconds.
  path: Assets/Prefabs/Platform/Dungeon/Props/Props_Wall_LightStick.prefab
  artifactKey: Guid(6dcdd798812b85b4796fb2548a3a311d) Importer(815301076,1909f56bfc062723c751e8b465ee728b)
Start importing Assets/Prefabs/Platform/Dungeon/Props/Props_Wall_LightStick.prefab using Guid(6dcdd798812b85b4796fb2548a3a311d) Importer(815301076,1909f56bfc062723c751e8b465ee728b)  -> (artifact id: '79effd5425d5415410fedac6b3c9b740') in 0.044403 seconds 
========================================================================
Received Import Request.
  Time since last request: 0.000051 seconds.
  path: Assets/Prefabs/Platform/Nature/Terrain/rpgpp_lt_hill_small_02.prefab
  artifactKey: Guid(6dcae7204dd466c4c862bc640ea7c02e) Importer(815301076,1909f56bfc062723c751e8b465ee728b)
Start importing Assets/Prefabs/Platform/Nature/Terrain/rpgpp_lt_hill_small_02.prefab using Guid(6dcae7204dd466c4c862bc640ea7c02e) Importer(815301076,1909f56bfc062723c751e8b465ee728b)  -> (artifact id: 'f9701f470c17622ed07731b849264efb') in 0.041702 seconds 
========================================================================
Received Import Request.
  Time since last request: 0.000051 seconds.
  path: Assets/Prefabs/Platform/Nature/Vegetation/Trees/rpgpp_lt_tree_pine_01.prefab
  artifactKey: Guid(22a3fd8d3e59a1149bdcd775c0e87241) Importer(815301076,1909f56bfc062723c751e8b465ee728b)
Start importing Assets/Prefabs/Platform/Nature/Vegetation/Trees/rpgpp_lt_tree_pine_01.prefab using Guid(22a3fd8d3e59a1149bdcd775c0e87241) Importer(815301076,1909f56bfc062723c751e8b465ee728b)  -> (artifact id: 'a82ce5dc8ab512c2dcc802842f58988f') in 0.043318 seconds 
========================================================================
Received Import Request.
  Time since last request: 0.000029 seconds.
  path: Assets/Prefabs/Platform/Nature/Vegetation/Plants/rpgpp_lt_plant_01.prefab
  artifactKey: Guid(5286e490afadac545ae3a1595b1e96e1) Importer(815301076,1909f56bfc062723c751e8b465ee728b)
Start importing Assets/Prefabs/Platform/Nature/Vegetation/Plants/rpgpp_lt_plant_01.prefab using Guid(5286e490afadac545ae3a1595b1e96e1) Importer(815301076,1909f56bfc062723c751e8b465ee728b)  -> (artifact id: 'e041c0d133a1bd8568ee3bd15be37516') in 0.045443 seconds 
========================================================================
Received Import Request.
  Time since last request: 0.000029 seconds.
  path: Assets/Prefabs/Platform/Nature/Vegetation/Trees/rpgpp_lt_tree_02.prefab
  artifactKey: Guid(6910e2407cd484a42a0c2598114751a0) Importer(815301076,1909f56bfc062723c751e8b465ee728b)
Start importing Assets/Prefabs/Platform/Nature/Vegetation/Trees/rpgpp_lt_tree_02.prefab using Guid(6910e2407cd484a42a0c2598114751a0) Importer(815301076,1909f56bfc062723c751e8b465ee728b)  -> (artifact id: 'ed816b61c6f5c033e24494b29e6545df') in 0.042049 seconds 
========================================================================
Received Import Request.
  Time since last request: 0.000028 seconds.
  path: Assets/Prefabs/Platform/Props/Misc/rpgpp_lt_well_01.prefab
  artifactKey: Guid(4500da6a464da55408dd1ff2324163a7) Importer(815301076,1909f56bfc062723c751e8b465ee728b)
Start importing Assets/Prefabs/Platform/Props/Misc/rpgpp_lt_well_01.prefab using Guid(4500da6a464da55408dd1ff2324163a7) Importer(815301076,1909f56bfc062723c751e8b465ee728b)  -> (artifact id: '06f9c0c41f42767d837e1c0b8cfa66ab') in 0.045267 seconds 
========================================================================
Received Import Request.
  Time since last request: 0.000032 seconds.
  path: Assets/Prefabs/Platform/Nature/Vegetation/Plants/rpgpp_lt_plant_02.prefab
  artifactKey: Guid(e85c18dfba00c9540859ea847782af5b) Importer(815301076,1909f56bfc062723c751e8b465ee728b)
Start importing Assets/Prefabs/Platform/Nature/Vegetation/Plants/rpgpp_lt_plant_02.prefab using Guid(e85c18dfba00c9540859ea847782af5b) Importer(815301076,1909f56bfc062723c751e8b465ee728b)  -> (artifact id: '529c28036497777a4ad708428731207d') in 0.068254 seconds 
========================================================================
Received Import Request.
  Time since last request: 0.000083 seconds.
  path: Assets/Prefabs/Platform/Nature/Sky/rpgpp_lt_sky_01.prefab
  artifactKey: Guid(f31c6bb6e68212e41b0bcae74612a240) Importer(815301076,1909f56bfc062723c751e8b465ee728b)
Start importing Assets/Prefabs/Platform/Nature/Sky/rpgpp_lt_sky_01.prefab using Guid(f31c6bb6e68212e41b0bcae74612a240) Importer(815301076,1909f56bfc062723c751e8b465ee728b)  -> (artifact id: '3e862f501ea0f49a2d3c76a7a661e8f2') in 0.043618 seconds 
========================================================================
Received Import Request.
  Time since last request: 0.000029 seconds.
  path: Assets/Prefabs/Platform/Nature/Terrain/rpgpp_lt_terrain_sand_01.prefab
  artifactKey: Guid(e7489574cca6d4645a7019414b8288e8) Importer(815301076,1909f56bfc062723c751e8b465ee728b)
Start importing Assets/Prefabs/Platform/Nature/Terrain/rpgpp_lt_terrain_sand_01.prefab using Guid(e7489574cca6d4645a7019414b8288e8) Importer(815301076,1909f56bfc062723c751e8b465ee728b)  -> (artifact id: '743629e5bcd70d64416499c75e8ea914') in 0.037111 seconds 
========================================================================
Received Import Request.
  Time since last request: 0.000028 seconds.
  path: Assets/Prefabs/Platform/Dungeon/Floor/Stairs_Continuous_Wooden_WithHandle.prefab
  artifactKey: Guid(1ed3981d217d5674eb2c452d054daa6d) Importer(815301076,1909f56bfc062723c751e8b465ee728b)
Start importing Assets/Prefabs/Platform/Dungeon/Floor/Stairs_Continuous_Wooden_WithHandle.prefab using Guid(1ed3981d217d5674eb2c452d054daa6d) Importer(815301076,1909f56bfc062723c751e8b465ee728b)  -> (artifact id: 'cf46b4c0a9283be868a007abac3a5805') in 0.078487 seconds 
========================================================================
Received Import Request.
  Time since last request: 0.000095 seconds.
  path: Assets/Prefabs/Platform/Props/Furniture/Chairs/rpgpp_lt_chair_01b.prefab
  artifactKey: Guid(7a77ea810bbc0db4992e500affe32dbf) Importer(815301076,1909f56bfc062723c751e8b465ee728b)
Start importing Assets/Prefabs/Platform/Props/Furniture/Chairs/rpgpp_lt_chair_01b.prefab using Guid(7a77ea810bbc0db4992e500affe32dbf) Importer(815301076,1909f56bfc062723c751e8b465ee728b)  -> (artifact id: 'ebda52062b614dee52b6e1d3a1e44cc5') in 0.053303 seconds 
========================================================================
Received Import Request.
  Time since last request: 0.000031 seconds.
  path: Assets/Prefabs/Platform/Props/Furniture/Chairs/rpgpp_lt_chair_01a.prefab
  artifactKey: Guid(af46e0e24402dfa49aea336191bc47ab) Importer(815301076,1909f56bfc062723c751e8b465ee728b)
Start importing Assets/Prefabs/Platform/Props/Furniture/Chairs/rpgpp_lt_chair_01a.prefab using Guid(af46e0e24402dfa49aea336191bc47ab) Importer(815301076,1909f56bfc062723c751e8b465ee728b)  -> (artifact id: 'a31cf2ae28d6aad3230526bfb481570d') in 0.024101 seconds 
========================================================================
Received Import Request.
  Time since last request: 0.000033 seconds.
  path: Assets/Prefabs/Platform/Props/Containers/rpgpp_lt_box_wood_01.prefab
  artifactKey: Guid(144403e0e442d2a448335e0c845d665b) Importer(815301076,1909f56bfc062723c751e8b465ee728b)
Start importing Assets/Prefabs/Platform/Props/Containers/rpgpp_lt_box_wood_01.prefab using Guid(144403e0e442d2a448335e0c845d665b) Importer(815301076,1909f56bfc062723c751e8b465ee728b)  -> (artifact id: '01fbf6127a00c74905efa65aafe67f9b') in 0.033329 seconds 
========================================================================
Received Import Request.
  Time since last request: 0.000027 seconds.
  path: Assets/Prefabs/Platform/Nature/Vegetation/Trees/rpgpp_lt_tree_01.prefab
  artifactKey: Guid(ae9772ea62bbc724eb9b8ef81109f733) Importer(815301076,1909f56bfc062723c751e8b465ee728b)
Start importing Assets/Prefabs/Platform/Nature/Vegetation/Trees/rpgpp_lt_tree_01.prefab using Guid(ae9772ea62bbc724eb9b8ef81109f733) Importer(815301076,1909f56bfc062723c751e8b465ee728b)  -> (artifact id: 'da5956da88db5afe4bbcb8efdfb06d4a') in 0.020918 seconds 
========================================================================
Received Import Request.
  Time since last request: 0.000027 seconds.
  path: Assets/Scenes/Clear.unity
  artifactKey: Guid(6747e22cc9fe0764e8a5008fda1851d3) Importer(815301076,1909f56bfc062723c751e8b465ee728b)
Start importing Assets/Scenes/Clear.unity using Guid(6747e22cc9fe0764e8a5008fda1851d3) Importer(815301076,1909f56bfc062723c751e8b465ee728b)  -> (artifact id: '49935da03f7821d1e5b0eaaac727b042') in 0.008058 seconds 
========================================================================
Received Import Request.
  Time since last request: 0.000026 seconds.
  path: Assets/Prefabs/Platform/Nature/Rocks/rpgpp_lt_rock_02.prefab
  artifactKey: Guid(491dc122236ad9749a046177ea69736d) Importer(815301076,1909f56bfc062723c751e8b465ee728b)
Start importing Assets/Prefabs/Platform/Nature/Rocks/rpgpp_lt_rock_02.prefab using Guid(491dc122236ad9749a046177ea69736d) Importer(815301076,1909f56bfc062723c751e8b465ee728b)  -> (artifact id: '9ed800e299b85f295f9ff0ab7b700b12') in 0.026530 seconds 
========================================================================
Received Import Request.
  Time since last request: 0.000026 seconds.
  path: Assets/Prefabs/Platform/Nature/Rocks/rpgpp_lt_rock_03.prefab
  artifactKey: Guid(0fd5be61d8c00de419d45d6bf745a69c) Importer(815301076,1909f56bfc062723c751e8b465ee728b)
Start importing Assets/Prefabs/Platform/Nature/Rocks/rpgpp_lt_rock_03.prefab using Guid(0fd5be61d8c00de419d45d6bf745a69c) Importer(815301076,1909f56bfc062723c751e8b465ee728b)  -> (artifact id: '92457f38aaf26b8f7a74140daaa90396') in 0.037724 seconds 
========================================================================
Received Import Request.
  Time since last request: 0.000028 seconds.
  path: Assets/Prefabs/Platform/Props/Wall_decor/Shields/rpgpp_lt_shield_wall_01b.prefab
  artifactKey: Guid(0aae23549399ae240aa3fcaf1b7ae6b0) Importer(815301076,1909f56bfc062723c751e8b465ee728b)
Start importing Assets/Prefabs/Platform/Props/Wall_decor/Shields/rpgpp_lt_shield_wall_01b.prefab using Guid(0aae23549399ae240aa3fcaf1b7ae6b0) Importer(815301076,1909f56bfc062723c751e8b465ee728b)  -> (artifact id: '949c9adb24d7bf5a43ccb7d3343ffa0a') in 0.047752 seconds 
========================================================================
Received Import Request.
  Time since last request: 0.000031 seconds.
  path: Assets/Prefabs/Platform/Props/Containers/rpgpp_lt_bathtub_wood_01.prefab
  artifactKey: Guid(d354bbf6d0a7bc543b86d5b1337c7933) Importer(815301076,1909f56bfc062723c751e8b465ee728b)
Start importing Assets/Prefabs/Platform/Props/Containers/rpgpp_lt_bathtub_wood_01.prefab using Guid(d354bbf6d0a7bc543b86d5b1337c7933) Importer(815301076,1909f56bfc062723c751e8b465ee728b)  -> (artifact id: 'ed0060aac6dba2a62b7f83c97c419a29') in 0.041377 seconds 
========================================================================
Received Import Request.
  Time since last request: 0.000053 seconds.
  path: Assets/Prefabs/Platform/Props/Containers/rpgpp_lt_vase_02.prefab
  artifactKey: Guid(645e0ccb96eef934aa12bd4c02a4bd66) Importer(815301076,1909f56bfc062723c751e8b465ee728b)
Start importing Assets/Prefabs/Platform/Props/Containers/rpgpp_lt_vase_02.prefab using Guid(645e0ccb96eef934aa12bd4c02a4bd66) Importer(815301076,1909f56bfc062723c751e8b465ee728b)  -> (artifact id: 'fe517f0d941d5059d59da13727abe637') in 0.036870 seconds 
========================================================================
Received Import Request.
  Time since last request: 0.000025 seconds.
  path: Assets/Prefabs/Platform/Props/Furniture/Hangers/rpgpp_lt_hanger_clothes_01.prefab
  artifactKey: Guid(9e6377f4cae22eb4194f71c6e76c37b9) Importer(815301076,1909f56bfc062723c751e8b465ee728b)
Start importing Assets/Prefabs/Platform/Props/Furniture/Hangers/rpgpp_lt_hanger_clothes_01.prefab using Guid(9e6377f4cae22eb4194f71c6e76c37b9) Importer(815301076,1909f56bfc062723c751e8b465ee728b)  -> (artifact id: '5d74e2249d66a442f46492616b64f13d') in 0.036687 seconds 
========================================================================
Received Import Request.
  Time since last request: 0.000086 seconds.
  path: Assets/Prefabs/Platform/Nature/Terrain/rpgpp_lt_hill_small_01.prefab
  artifactKey: Guid(5c9211eb71cff4f4996a21d92317f601) Importer(815301076,1909f56bfc062723c751e8b465ee728b)
Start importing Assets/Prefabs/Platform/Nature/Terrain/rpgpp_lt_hill_small_01.prefab using Guid(5c9211eb71cff4f4996a21d92317f601) Importer(815301076,1909f56bfc062723c751e8b465ee728b)  -> (artifact id: 'f9bfd4a66500fb1ade7af744042ed8ab') in 0.045571 seconds 
========================================================================
Received Import Request.
  Time since last request: 0.000027 seconds.
  path: Assets/Prefabs/Platform/Nature/Vegetation/Grass/rpgpp_lt_grass_small_01b.prefab
  artifactKey: Guid(e88b7bb02ae149940a5a0cddf34fe370) Importer(815301076,1909f56bfc062723c751e8b465ee728b)
Start importing Assets/Prefabs/Platform/Nature/Vegetation/Grass/rpgpp_lt_grass_small_01b.prefab using Guid(e88b7bb02ae149940a5a0cddf34fe370) Importer(815301076,1909f56bfc062723c751e8b465ee728b)  -> (artifact id: 'a1cf8503d58c9db432da087a27385aae') in 0.036238 seconds 
========================================================================
Received Import Request.
  Time since last request: 0.000033 seconds.
  path: Assets/Prefabs/Platform/Structures/Buildings/Bld_closed/rpgpp_lt_building_04.prefab
  artifactKey: Guid(71442e8cd72511e4fabb72f1a2cc82dd) Importer(815301076,1909f56bfc062723c751e8b465ee728b)
Start importing Assets/Prefabs/Platform/Structures/Buildings/Bld_closed/rpgpp_lt_building_04.prefab using Guid(71442e8cd72511e4fabb72f1a2cc82dd) Importer(815301076,1909f56bfc062723c751e8b465ee728b)  -> (artifact id: 'dd13b0917e33879602fea3b47fbbbe4a') in 0.049695 seconds 
========================================================================
Received Import Request.
  Time since last request: 0.000035 seconds.
  path: Assets/Prefabs/Platform/Nature/Terrain/rpgpp_lt_terrain_grass_01.prefab
  artifactKey: Guid(bdf8e7438a7816543998181bd3067573) Importer(815301076,1909f56bfc062723c751e8b465ee728b)
Start importing Assets/Prefabs/Platform/Nature/Terrain/rpgpp_lt_terrain_grass_01.prefab using Guid(bdf8e7438a7816543998181bd3067573) Importer(815301076,1909f56bfc062723c751e8b465ee728b)  -> (artifact id: '85af9401fab4572bed74a1e8fcfc2164') in 0.038636 seconds 
========================================================================
Received Import Request.
  Time since last request: 0.000034 seconds.
  path: Assets/Prefabs/Platform/Dungeon/Props/Props_Vase_Purple.prefab
  artifactKey: Guid(4a37330a454343646b36d9e7a99287a3) Importer(815301076,1909f56bfc062723c751e8b465ee728b)
Start importing Assets/Prefabs/Platform/Dungeon/Props/Props_Vase_Purple.prefab using Guid(4a37330a454343646b36d9e7a99287a3) Importer(815301076,1909f56bfc062723c751e8b465ee728b)  -> (artifact id: '0f5fb68ac27e520a89fe90fcd2140b7e') in 0.215893 seconds 
========================================================================
Received Import Request.
  Time since last request: 0.000032 seconds.
  path: Assets/Prefabs/Platform/Structures/Buildings/Bld_closed/rpgpp_lt_building_05.prefab
  artifactKey: Guid(386f40ad68cdd3c4fbcb471ef2d93772) Importer(815301076,1909f56bfc062723c751e8b465ee728b)
Start importing Assets/Prefabs/Platform/Structures/Buildings/Bld_closed/rpgpp_lt_building_05.prefab using Guid(386f40ad68cdd3c4fbcb471ef2d93772) Importer(815301076,1909f56bfc062723c751e8b465ee728b)  -> (artifact id: '7024d2f1251d89c1fa68462ab361e76c') in 0.077908 seconds 
========================================================================
Received Import Request.
  Time since last request: 0.000039 seconds.
  path: Assets/Prefabs/Platform/Nature/Rocks/rpgpp_lt_rock_01.prefab
  artifactKey: Guid(6fc2010b5899cfd488a0ddf205679e2b) Importer(815301076,1909f56bfc062723c751e8b465ee728b)
Start importing Assets/Prefabs/Platform/Nature/Rocks/rpgpp_lt_rock_01.prefab using Guid(6fc2010b5899cfd488a0ddf205679e2b) Importer(815301076,1909f56bfc062723c751e8b465ee728b)  -> (artifact id: '5b647c60c32a42054ea037bbbf2f53aa') in 0.044076 seconds 
========================================================================
Received Import Request.
  Time since last request: 0.000044 seconds.
  path: Assets/Prefabs/Platform/Nature/Terrain/rpgpp_lt_terrain_path_01b.prefab
  artifactKey: Guid(63ce2b31e16acab4d8a41f884c36333c) Importer(815301076,1909f56bfc062723c751e8b465ee728b)
Start importing Assets/Prefabs/Platform/Nature/Terrain/rpgpp_lt_terrain_path_01b.prefab using Guid(63ce2b31e16acab4d8a41f884c36333c) Importer(815301076,1909f56bfc062723c751e8b465ee728b)  -> (artifact id: '8dfe6b6ff8e502127deb5fe519c02bbc') in 0.037419 seconds 
========================================================================
Received Import Request.
  Time since last request: 0.000026 seconds.
  path: Assets/Prefabs/Platform/Nature/Rocks/rpgpp_lt_rock_small_02.prefab
  artifactKey: Guid(9f21020355643c74c88002634abcdabd) Importer(815301076,1909f56bfc062723c751e8b465ee728b)
Start importing Assets/Prefabs/Platform/Nature/Rocks/rpgpp_lt_rock_small_02.prefab using Guid(9f21020355643c74c88002634abcdabd) Importer(815301076,1909f56bfc062723c751e8b465ee728b)  -> (artifact id: 'a1d8e305ca1edee7e04d60dee09d00c8') in 0.043319 seconds 
========================================================================
Received Import Request.
  Time since last request: 0.000023 seconds.
  path: Assets/Prefabs/Platform/Dungeon/Props/Props_WoodenTable_B.prefab
  artifactKey: Guid(79bda8074c13e6e4aaa97d3f1ab680a0) Importer(815301076,1909f56bfc062723c751e8b465ee728b)
Start importing Assets/Prefabs/Platform/Dungeon/Props/Props_WoodenTable_B.prefab using Guid(79bda8074c13e6e4aaa97d3f1ab680a0) Importer(815301076,1909f56bfc062723c751e8b465ee728b)  -> (artifact id: '425b275011d821936c24189285ca7190') in 0.045763 seconds 
========================================================================
Received Import Request.
  Time since last request: 0.000024 seconds.
  path: Assets/Prefabs/Platform/Props/Containers/rpgpp_lt_vase_01.prefab
  artifactKey: Guid(1645880bdf365054a8c29b271c30eb36) Importer(815301076,1909f56bfc062723c751e8b465ee728b)
Start importing Assets/Prefabs/Platform/Props/Containers/rpgpp_lt_vase_01.prefab using Guid(1645880bdf365054a8c29b271c30eb36) Importer(815301076,1909f56bfc062723c751e8b465ee728b)  -> (artifact id: 'e7011a422f770f3aeaf25d1a83e09d55') in 0.080894 seconds 
========================================================================
Received Import Request.
  Time since last request: 0.000076 seconds.
  path: Assets/Prefabs/Platform/Nature/Terrain/rpgpp_lt_mountain_01.prefab
  artifactKey: Guid(9d200fbd47e9c7f45ad54450ebd25b94) Importer(815301076,1909f56bfc062723c751e8b465ee728b)
Start importing Assets/Prefabs/Platform/Nature/Terrain/rpgpp_lt_mountain_01.prefab using Guid(9d200fbd47e9c7f45ad54450ebd25b94) Importer(815301076,1909f56bfc062723c751e8b465ee728b)  -> (artifact id: '30ac6ca2b294cfb939bf01a3107eec65') in 0.040000 seconds 
========================================================================
Received Import Request.
  Time since last request: 0.000041 seconds.
  path: Assets/Prefabs/Platform/Props/Containers/rpgpp_lt_package_01.prefab
  artifactKey: Guid(388d2ede35ec91345943f17a010818fc) Importer(815301076,1909f56bfc062723c751e8b465ee728b)
Start importing Assets/Prefabs/Platform/Props/Containers/rpgpp_lt_package_01.prefab using Guid(388d2ede35ec91345943f17a010818fc) Importer(815301076,1909f56bfc062723c751e8b465ee728b)  -> (artifact id: 'd4a79fccf21569d4f7f66bc0926486ab') in 0.045475 seconds 
========================================================================
Received Import Request.
  Time since last request: 0.000026 seconds.
  path: Assets/Prefabs/Platform/Props/Misc/rpgpp_lt_bird_house_01.prefab
  artifactKey: Guid(7689b2d5def66f04eb3b0905d7b65084) Importer(815301076,1909f56bfc062723c751e8b465ee728b)
Start importing Assets/Prefabs/Platform/Props/Misc/rpgpp_lt_bird_house_01.prefab using Guid(7689b2d5def66f04eb3b0905d7b65084) Importer(815301076,1909f56bfc062723c751e8b465ee728b)  -> (artifact id: '1540ea59cd40721f763930e58b264af2') in 0.053778 seconds 
========================================================================
Received Import Request.
  Time since last request: 0.000026 seconds.
  path: Assets/Prefabs/Platform/Nature/Vegetation/Flowers/rpgpp_lt_flower_01.prefab
  artifactKey: Guid(1aad01ae01d836647b215e40f1f4c1a7) Importer(815301076,1909f56bfc062723c751e8b465ee728b)
Start importing Assets/Prefabs/Platform/Nature/Vegetation/Flowers/rpgpp_lt_flower_01.prefab using Guid(1aad01ae01d836647b215e40f1f4c1a7) Importer(815301076,1909f56bfc062723c751e8b465ee728b)  -> (artifact id: 'd5555555b8737969459cab97b6df7ad6') in 0.043387 seconds 
